05/09/2024 13:34:48devpinoyLogger Open the Browser
05/09/2024 13:34:54devpinoyLogger Maximize the Browser
05/09/2024 13:34:54devpinoyLogger Enter the URL
05/09/2024 13:35:01devpinoyLogger Apply the Implicit wait 120 seconds
05/09/2024 13:35:01devpinoyLogger Validate the Checkbox Testcase
05/09/2024 13:35:01devpinoyLogger Click on the CheckBox and check Chebox is selected or not
05/09/2024 13:35:03devpinoyLogger Close the Browser
05/09/2024 13:41:08devpinoyLogger Open the Browser
05/09/2024 13:41:12devpinoyLogger Maximize the Browser
05/09/2024 13:41:13devpinoyLogger Enter the URL
05/09/2024 13:41:16devpinoyLogger Apply the Implicit wait 120 seconds
05/09/2024 13:41:26devpinoyLogger Close the Browser
05/09/2024 13:41:53devpinoyLogger Open the Browser
05/09/2024 13:41:58devpinoyLogger Maximize the Browser
05/09/2024 13:41:58devpinoyLogger Enter the URL
05/09/2024 13:42:01devpinoyLogger Apply the Implicit wait 120 seconds
05/09/2024 13:42:04devpinoyLogger Close the Browser
05/09/2024 13:42:18devpinoyLogger Open the Browser
05/09/2024 13:42:23devpinoyLogger Maximize the Browser
05/09/2024 13:42:23devpinoyLogger Enter the URL
05/09/2024 13:42:26devpinoyLogger Apply the Implicit wait 120 seconds
05/09/2024 13:43:18devpinoyLogger Close the Browser
05/09/2024 13:43:28devpinoyLogger Open the Browser
05/09/2024 13:43:33devpinoyLogger Maximize the Browser
05/09/2024 13:43:33devpinoyLogger Enter the URL
05/09/2024 13:43:35devpinoyLogger Apply the Implicit wait 120 seconds
05/09/2024 13:43:46devpinoyLogger Close the Browser
05/09/2024 13:44:49devpinoyLogger Open the Browser
05/09/2024 13:44:58devpinoyLogger Maximize the Browser
05/09/2024 13:44:58devpinoyLogger Enter the URL
05/09/2024 13:45:01devpinoyLogger Apply the Implicit wait 120 seconds
05/09/2024 13:45:03devpinoyLogger Close the Browser
05/09/2024 13:45:55devpinoyLogger Open the Browser
05/09/2024 13:46:00devpinoyLogger Maximize the Browser
05/09/2024 13:46:00devpinoyLogger Enter the URL
05/09/2024 13:46:03devpinoyLogger Apply the Implicit wait 120 seconds
05/09/2024 13:46:28devpinoyLogger Close the Browser
05/09/2024 14:17:38devpinoyLogger Open the Browser
05/09/2024 14:17:43devpinoyLogger Maximize the Browser
05/09/2024 14:17:43devpinoyLogger Enter the URL
05/09/2024 14:17:46devpinoyLogger Apply the Implicit wait 120 seconds
05/09/2024 14:17:49devpinoyLogger Close the Browser
05/09/2024 14:18:19devpinoyLogger Open the Browser
05/09/2024 14:18:22devpinoyLogger Maximize the Browser
05/09/2024 14:18:22devpinoyLogger Enter the URL
05/09/2024 14:18:25devpinoyLogger Apply the Implicit wait 120 seconds
05/09/2024 14:18:34devpinoyLogger Close the Browser
05/09/2024 14:20:59devpinoyLogger Open the Browser
05/09/2024 14:21:33devpinoyLogger Maximize the Browser
05/09/2024 14:21:46devpinoyLogger Enter the URL
05/09/2024 14:21:57devpinoyLogger Apply the Implicit wait 120 seconds
05/09/2024 14:23:25devpinoyLogger Open the Browser
05/09/2024 14:23:30devpinoyLogger Maximize the Browser
05/09/2024 14:23:30devpinoyLogger Enter the URL
05/09/2024 14:23:33devpinoyLogger Apply the Implicit wait 120 seconds
05/09/2024 14:26:48devpinoyLogger Open the Browser
05/09/2024 14:26:52devpinoyLogger Maximize the Browser
05/09/2024 14:26:52devpinoyLogger Enter the URL
05/09/2024 14:26:55devpinoyLogger Apply the Implicit wait 120 seconds
05/09/2024 14:27:01devpinoyLogger Close the Browser
05/09/2024 14:32:31devpinoyLogger Open the Browser
05/09/2024 14:32:36devpinoyLogger Maximize the Browser
05/09/2024 14:32:36devpinoyLogger Enter the URL
05/09/2024 14:32:39devpinoyLogger Apply the Implicit wait 120 seconds
05/09/2024 14:32:41devpinoyLogger Close the Browser
05/09/2024 14:32:55devpinoyLogger Open the Browser
05/09/2024 14:33:01devpinoyLogger Maximize the Browser
05/09/2024 14:33:01devpinoyLogger Enter the URL
05/09/2024 14:33:04devpinoyLogger Apply the Implicit wait 120 seconds
05/09/2024 14:33:15devpinoyLogger Close the Browser
05/09/2024 14:39:00devpinoyLogger Open the Browser
05/09/2024 14:39:09devpinoyLogger Maximize the Browser
05/09/2024 14:39:09devpinoyLogger Enter the URL
05/09/2024 14:39:13devpinoyLogger Apply the Implicit wait 120 seconds
05/09/2024 14:39:21devpinoyLogger Close the Browser
05/09/2024 14:42:00devpinoyLogger Open the Browser
05/09/2024 14:42:06devpinoyLogger Maximize the Browser
05/09/2024 14:42:06devpinoyLogger Enter the URL
05/09/2024 14:42:09devpinoyLogger Apply the Implicit wait 120 seconds
05/09/2024 14:42:16devpinoyLogger Close the Browser
05/09/2024 17:32:33devpinoyLogger Open the Browser
05/09/2024 17:32:37devpinoyLogger Maximize the Browser
05/09/2024 17:32:37devpinoyLogger Enter the URL
05/09/2024 17:32:42devpinoyLogger Apply the Implicit wait 120 seconds
05/09/2024 17:32:44devpinoyLogger Close the Browser
05/09/2024 17:33:11devpinoyLogger Open the Browser
05/09/2024 17:33:14devpinoyLogger Maximize the Browser
05/09/2024 17:33:14devpinoyLogger Enter the URL
05/09/2024 17:33:16devpinoyLogger Apply the Implicit wait 120 seconds
05/09/2024 17:33:19devpinoyLogger Close the Browser
05/09/2024 17:33:37devpinoyLogger Open the Browser
05/09/2024 17:33:40devpinoyLogger Maximize the Browser
05/09/2024 17:33:40devpinoyLogger Enter the URL
05/09/2024 17:33:42devpinoyLogger Apply the Implicit wait 120 seconds
05/09/2024 17:33:53devpinoyLogger Close the Browser
05/09/2024 22:48:44devpinoyLogger Open the Browser
05/09/2024 22:48:48devpinoyLogger Maximize the Browser
05/09/2024 22:48:48devpinoyLogger Enter the URL
05/09/2024 22:48:51devpinoyLogger Apply the Implicit wait 120 seconds
05/09/2024 22:48:53devpinoyLogger Close the Browser
05/09/2024 22:49:06devpinoyLogger Open the Browser
05/09/2024 22:49:10devpinoyLogger Maximize the Browser
05/09/2024 22:49:10devpinoyLogger Enter the URL
05/09/2024 22:49:12devpinoyLogger Apply the Implicit wait 120 seconds
05/09/2024 22:49:20devpinoyLogger Close the Browser
05/09/2024 22:59:57devpinoyLogger Open the Browser
05/09/2024 23:00:12devpinoyLogger Open the Browser
05/09/2024 23:12:12devpinoyLogger Open the Browser
05/09/2024 23:12:16devpinoyLogger Maximize the Browser
05/09/2024 23:12:16devpinoyLogger Enter the URL
05/09/2024 23:12:19devpinoyLogger Apply the Implicit wait 120 seconds
05/09/2024 23:12:28devpinoyLogger Close the Browser
05/09/2024 23:17:50devpinoyLogger Open the Browser
05/09/2024 23:17:54devpinoyLogger Maximize the Browser
05/09/2024 23:17:54devpinoyLogger Enter the URL
05/09/2024 23:17:57devpinoyLogger Apply the Implicit wait 120 seconds
05/09/2024 23:18:02devpinoyLogger Close the Browser
05/09/2024 23:18:30devpinoyLogger Open the Browser
05/09/2024 23:18:36devpinoyLogger Maximize the Browser
05/09/2024 23:18:36devpinoyLogger Enter the URL
05/09/2024 23:18:38devpinoyLogger Apply the Implicit wait 120 seconds
05/09/2024 23:18:43devpinoyLogger Close the Browser
